<?xml version="1.0" encoding="UTF-8"?>
<!-- Generated by org.testng.reporters.JUnitReportReporter -->
<testsuite hostname="Lucifer" failures="0" tests="1" name="Project1.Livpro2.SumValidation" time="0.987" errors="0" timestamp="2023-02-26T12:41:31 IST" skipped="0">
  <testcase classname="Project1.Livpro2.SumValidation" name="sumOfCourses" time="0.987"/>
  <system-out/>
</testsuite> <!-- Project1.Livpro2.SumValidation -->
